c:\users\user\desktop\test codes\csd1400-assignment-2\gam100-sample\x64\debug\main.obj
c:\users\user\desktop\test codes\csd1400-assignment-2\gam100-sample\x64\debug\game.obj
c:\users\user\desktop\test codes\csd1400-assignment-2\gam100-sample\x64\debug\vc142.pdb
c:\users\user\desktop\test codes\csd1400-assignment-2\gam100-sample\x64\debug\rendermanager.obj
c:\users\user\desktop\test codes\csd1400-assignment-2\gam100-sample\x64\debug\scene.obj
c:\users\user\desktop\test codes\csd1400-assignment-2\gam100-sample\x64\debug\gameobject.obj
c:\users\user\desktop\test codes\csd1400-assignment-2\gam100-sample\x64\debug\vc142.idb
c:\users\user\desktop\test codes\csd1400-assignment-2\gam100-sample\x64\debug\processing_sample.pdb
c:\users\user\desktop\test codes\csd1400-assignment-2\gam100-sample\x64\debug\processi.14b654ed.tlog\cl.command.1.tlog
c:\users\user\desktop\test codes\csd1400-assignment-2\gam100-sample\x64\debug\processi.14b654ed.tlog\cl.read.1.tlog
c:\users\user\desktop\test codes\csd1400-assignment-2\gam100-sample\x64\debug\processi.14b654ed.tlog\cl.write.1.tlog
c:\users\user\desktop\test codes\csd1400-assignment-2\gam100-sample\x64\debug\processi.14b654ed.tlog\link-cvtres.read.1.tlog
c:\users\user\desktop\test codes\csd1400-assignment-2\gam100-sample\x64\debug\processi.14b654ed.tlog\link-cvtres.write.1.tlog
c:\users\user\desktop\test codes\csd1400-assignment-2\gam100-sample\x64\debug\processi.14b654ed.tlog\link-rc.read.1.tlog
c:\users\user\desktop\test codes\csd1400-assignment-2\gam100-sample\x64\debug\processi.14b654ed.tlog\link-rc.write.1.tlog
c:\users\user\desktop\test codes\csd1400-assignment-2\gam100-sample\x64\debug\processi.14b654ed.tlog\link.22948-cvtres.read.1.tlog
c:\users\user\desktop\test codes\csd1400-assignment-2\gam100-sample\x64\debug\processi.14b654ed.tlog\link.22948-cvtres.write.1.tlog
c:\users\user\desktop\test codes\csd1400-assignment-2\gam100-sample\x64\debug\processi.14b654ed.tlog\link.22948-rc.read.1.tlog
c:\users\user\desktop\test codes\csd1400-assignment-2\gam100-sample\x64\debug\processi.14b654ed.tlog\link.22948-rc.write.1.tlog
c:\users\user\desktop\test codes\csd1400-assignment-2\gam100-sample\x64\debug\processi.14b654ed.tlog\link.22948.read.1.tlog
c:\users\user\desktop\test codes\csd1400-assignment-2\gam100-sample\x64\debug\processi.14b654ed.tlog\link.22948.write.1.tlog
c:\users\user\desktop\test codes\csd1400-assignment-2\gam100-sample\x64\debug\processi.14b654ed.tlog\link.command.1.tlog
c:\users\user\desktop\test codes\csd1400-assignment-2\gam100-sample\x64\debug\processi.14b654ed.tlog\link.read.1.tlog
c:\users\user\desktop\test codes\csd1400-assignment-2\gam100-sample\x64\debug\processi.14b654ed.tlog\link.write.1.tlog
